22:28:02 [INFO]  Setting ownership → albinsraj2025 (1000:1000) on /home/albinsraj2025/Downloads/rom_tool_src
22:28:05 [INFO]  Ownership OK — /home/albinsraj2025/Downloads/rom_tool_src now owned by albinsraj2025
22:28:05 [OK]    Bundled tools ready: /home/albinsraj2025/Downloads/rom_tool_src/binaries/bin/Linux/x86_64
22:28:05 [INFO]  Setting ownership → albinsraj2025 (1000:1000) on /home/albinsraj2025/Downloads/rom_tool_src/workspace
22:28:05 [INFO]  Ownership OK — /home/albinsraj2025/Downloads/rom_tool_src/workspace now owned by albinsraj2025
22:28:05 [INFO]  Setting ownership → albinsraj2025 (1000:1000) on /home/albinsraj2025/Downloads/rom_tool_src/tools
22:28:05 [INFO]  Ownership OK — /home/albinsraj2025/Downloads/rom_tool_src/tools now owned by albinsraj2025
22:28:05 [INFO]  Updating apt …
22:28:07 [INFO]  Installing: e2fsprogs util-linux attr python3 coreutils file bc pv
Reading package lists...
Building dependency tree...
Reading state information...
e2fsprogs is already the newest version (1.47.0-2.4~exp1ubuntu4.1).
util-linux is already the newest version (2.39.3-9ubuntu6.4).
attr is already the newest version (1:2.5.2-1build1.1).
python3 is already the newest version (3.12.3-0ubuntu2.1).
coreutils is already the newest version (9.4-3ubuntu6.1).
file is already the newest version (1:5.45-3build1).
bc is already the newest version (1.07.1-3ubuntu4).
pv is already the newest version (1.8.5-2build1).
The following packages were automatically installed and are no longer required:
  gettext google-android-licenses intltool-debian libmail-sendmail-perl
  libsys-hostname-long-perl po-debconf
Use 'sudo apt autoremove' to remove them.
0 upgraded, 0 newly installed, 0 to remove and 5 not upgraded.
Reading package lists...
Building dependency tree...
Reading state information...
android-sdk-libsparse-utils is already the newest version (1:34.0.4-1build3).
The following packages were automatically installed and are no longer required:
  gettext google-android-licenses intltool-debian libmail-sendmail-perl
  libsys-hostname-long-perl po-debconf
Use 'sudo apt autoremove' to remove them.
0 upgraded, 0 newly installed, 0 to remove and 5 not upgraded.
22:28:08 [OK]    Setup complete!
22:28:08 [INFO]  Setting ownership → albinsraj2025 (1000:1000) on /home/albinsraj2025/Downloads/rom_tool_src/workspace
22:28:08 [INFO]  Ownership OK — /home/albinsraj2025/Downloads/rom_tool_src/workspace now owned by albinsraj2025
22:29:03 [INFO]  Setting ownership → albinsraj2025 (1000:1000) on /home/albinsraj2025/Downloads/rom_tool_src
22:29:03 [INFO]  Ownership OK — /home/albinsraj2025/Downloads/rom_tool_src now owned by albinsraj2025
22:29:32 [INFO]  Found 4 partition image(s)
22:29:32 [INFO]  Setting ownership → albinsraj2025 (1000:1000) on /home/albinsraj2025/Downloads/rom_tool_src/workspace/system
22:29:32 [INFO]  Ownership OK — /home/albinsraj2025/Downloads/rom_tool_src/workspace/system now owned by albinsraj2025
22:29:32 [INFO]  Setting ownership → albinsraj2025 (1000:1000) on /home/albinsraj2025/Downloads/rom_tool_src/workspace/system/META
22:29:32 [INFO]  Ownership OK — /home/albinsraj2025/Downloads/rom_tool_src/workspace/system/META now owned by albinsraj2025
22:29:32 [INFO]  Setting ownership → albinsraj2025 (1000:1000) on /home/albinsraj2025/Downloads/rom_tool_src/workspace/system/files
22:29:33 [INFO]  Ownership OK — /home/albinsraj2025/Downloads/rom_tool_src/workspace/system/files now owned by albinsraj2025
22:29:33 [INFO]  Detected format: ext4
22:29:33 [INFO]  Running e2fsck …
e2fsck 1.47.0 (5-Feb-2023)
Pass 1: Checking inodes, blocks, and sizes
Pass 2: Checking directory structure
Pass 3: Checking directory connectivity
Pass 4: Checking reference counts
Pass 5: Checking group summary information
system: 3711/70848 files (0.0% non-contiguous), 264252/289852 blocks
22:29:33 [INFO]  Setting ownership → albinsraj2025 (1000:1000) on /home/albinsraj2025/Downloads/rom_tool_src/workspace/system/META
22:29:33 [INFO]  Ownership OK — /home/albinsraj2025/Downloads/rom_tool_src/workspace/system/META now owned by albinsraj2025
RUN: dumpe2fs -h /home/albinsraj2025/Downloads/imgs/system.img
22:29:33 [INFO]  Saved metadata → /home/albinsraj2025/Downloads/rom_tool_src/workspace/system/META/image_info.txt
22:29:33 [INFO]  Mounting /home/albinsraj2025/Downloads/imgs/system.img …
RUN: sudo mount -o loop,ro /home/albinsraj2025/Downloads/imgs/system.img /tmp/rom_mnt_xbvppuez
22:29:33 [INFO]  Copying files → files/ …
22:29:34 [INFO]  Extracting fs_config and SELinux contexts …
22:29:38 [OK]    fs_config:      3267 entries
22:29:38 [OK]    file_contexts:  3267 entries
22:29:38 [INFO]  Setting ownership → albinsraj2025 (1000:1000) on /home/albinsraj2025/Downloads/rom_tool_src/workspace/system/files
22:29:38 [INFO]  Ownership OK — /home/albinsraj2025/Downloads/rom_tool_src/workspace/system/files now owned by albinsraj2025
22:29:38 [INFO]  Setting ownership → albinsraj2025 (1000:1000) on /home/albinsraj2025/Downloads/rom_tool_src/workspace/system/META
22:29:38 [INFO]  Ownership OK — /home/albinsraj2025/Downloads/rom_tool_src/workspace/system/META now owned by albinsraj2025
22:29:38 [INFO]  Setting ownership → albinsraj2025 (1000:1000) on /home/albinsraj2025/Downloads/rom_tool_src/workspace/system
22:29:38 [INFO]  Ownership OK — /home/albinsraj2025/Downloads/rom_tool_src/workspace/system now owned by albinsraj2025
22:29:38 [OK]    Saved file list: 3702 entries
22:29:38 [OK]    ══════════════════════════════════════════════════
22:29:38 [OK]    Unpack complete: system
22:29:38 [INFO]  Setting ownership → albinsraj2025 (1000:1000) on /home/albinsraj2025/Downloads/rom_tool_src/workspace/system_ext
22:29:38 [INFO]  Ownership OK — /home/albinsraj2025/Downloads/rom_tool_src/workspace/system_ext now owned by albinsraj2025
22:29:38 [INFO]  Setting ownership → albinsraj2025 (1000:1000) on /home/albinsraj2025/Downloads/rom_tool_src/workspace/system_ext/META
22:29:38 [INFO]  Ownership OK — /home/albinsraj2025/Downloads/rom_tool_src/workspace/system_ext/META now owned by albinsraj2025
22:29:38 [INFO]  Setting ownership → albinsraj2025 (1000:1000) on /home/albinsraj2025/Downloads/rom_tool_src/workspace/system_ext/files
22:29:38 [INFO]  Ownership OK — /home/albinsraj2025/Downloads/rom_tool_src/workspace/system_ext/files now owned by albinsraj2025
22:29:38 [INFO]  Detected format: ext4
22:29:38 [INFO]  Running e2fsck …
e2fsck 1.47.0 (5-Feb-2023)
Pass 1: Checking inodes, blocks, and sizes
Pass 2: Checking directory structure
Pass 3: Checking directory connectivity
Pass 4: Checking reference counts
Pass 5: Checking group summary information
system_ext: 579/99840 files (0.5% non-contiguous), 397880/423480 blocks
22:29:38 [INFO]  Setting ownership → albinsraj2025 (1000:1000) on /home/albinsraj2025/Downloads/rom_tool_src/workspace/system_ext/META
22:29:38 [INFO]  Ownership OK — /home/albinsraj2025/Downloads/rom_tool_src/workspace/system_ext/META now owned by albinsraj2025
RUN: dumpe2fs -h /home/albinsraj2025/Downloads/imgs/system_ext.img
22:29:38 [INFO]  Saved metadata → /home/albinsraj2025/Downloads/rom_tool_src/workspace/system_ext/META/image_info.txt
22:29:38 [INFO]  Mounting /home/albinsraj2025/Downloads/imgs/system_ext.img …
RUN: sudo mount -o loop,ro /home/albinsraj2025/Downloads/imgs/system_ext.img /tmp/rom_mnt_j0pihbpg
22:29:38 [INFO]  Copying files → files/ …
22:29:42 [INFO]  Extracting fs_config and SELinux contexts …
22:29:43 [OK]    fs_config:      549 entries
22:29:43 [OK]    file_contexts:  549 entries
22:29:43 [INFO]  Setting ownership → albinsraj2025 (1000:1000) on /home/albinsraj2025/Downloads/rom_tool_src/workspace/system_ext/files
22:29:43 [INFO]  Ownership OK — /home/albinsraj2025/Downloads/rom_tool_src/workspace/system_ext/files now owned by albinsraj2025
22:29:43 [INFO]  Setting ownership → albinsraj2025 (1000:1000) on /home/albinsraj2025/Downloads/rom_tool_src/workspace/system_ext/META
22:29:43 [INFO]  Ownership OK — /home/albinsraj2025/Downloads/rom_tool_src/workspace/system_ext/META now owned by albinsraj2025
22:29:43 [INFO]  Setting ownership → albinsraj2025 (1000:1000) on /home/albinsraj2025/Downloads/rom_tool_src/workspace/system_ext
22:29:43 [INFO]  Ownership OK — /home/albinsraj2025/Downloads/rom_tool_src/workspace/system_ext now owned by albinsraj2025
22:29:43 [OK]    Saved file list: 570 entries
22:29:43 [OK]    ══════════════════════════════════════════════════
22:29:43 [OK]    Unpack complete: system_ext
22:29:43 [INFO]  Setting ownership → albinsraj2025 (1000:1000) on /home/albinsraj2025/Downloads/rom_tool_src/workspace/product
22:29:43 [INFO]  Ownership OK — /home/albinsraj2025/Downloads/rom_tool_src/workspace/product now owned by albinsraj2025
22:29:43 [INFO]  Setting ownership → albinsraj2025 (1000:1000) on /home/albinsraj2025/Downloads/rom_tool_src/workspace/product/META
22:29:43 [INFO]  Ownership OK — /home/albinsraj2025/Downloads/rom_tool_src/workspace/product/META now owned by albinsraj2025
22:29:43 [INFO]  Setting ownership → albinsraj2025 (1000:1000) on /home/albinsraj2025/Downloads/rom_tool_src/workspace/product/files
22:29:43 [INFO]  Ownership OK — /home/albinsraj2025/Downloads/rom_tool_src/workspace/product/files now owned by albinsraj2025
22:29:43 [INFO]  Detected format: ext4
22:29:43 [INFO]  Running e2fsck …
e2fsck 1.47.0 (5-Feb-2023)
Pass 1: Checking inodes, blocks, and sizes
Pass 2: Checking directory structure
Pass 3: Checking directory connectivity
Pass 4: Checking reference counts
Pass 5: Checking group summary information
product: 527/82368 files (0.2% non-contiguous), 305383/330513 blocks
22:29:43 [INFO]  Setting ownership → albinsraj2025 (1000:1000) on /home/albinsraj2025/Downloads/rom_tool_src/workspace/product/META
22:29:43 [INFO]  Ownership OK — /home/albinsraj2025/Downloads/rom_tool_src/workspace/product/META now owned by albinsraj2025
RUN: dumpe2fs -h /home/albinsraj2025/Downloads/imgs/product.img
22:29:43 [INFO]  Saved metadata → /home/albinsraj2025/Downloads/rom_tool_src/workspace/product/META/image_info.txt
22:29:43 [INFO]  Mounting /home/albinsraj2025/Downloads/imgs/product.img …
RUN: sudo mount -o loop,ro /home/albinsraj2025/Downloads/imgs/product.img /tmp/rom_mnt_djf1u_1p
22:29:43 [INFO]  Copying files → files/ …
22:29:59 [INFO]  Extracting fs_config and SELinux contexts …
22:30:00 [OK]    fs_config:      517 entries
22:30:00 [OK]    file_contexts:  517 entries
22:30:00 [INFO]  Setting ownership → albinsraj2025 (1000:1000) on /home/albinsraj2025/Downloads/rom_tool_src/workspace/product/files
22:30:00 [INFO]  Ownership OK — /home/albinsraj2025/Downloads/rom_tool_src/workspace/product/files now owned by albinsraj2025
22:30:00 [INFO]  Setting ownership → albinsraj2025 (1000:1000) on /home/albinsraj2025/Downloads/rom_tool_src/workspace/product/META
22:30:00 [INFO]  Ownership OK — /home/albinsraj2025/Downloads/rom_tool_src/workspace/product/META now owned by albinsraj2025
22:30:00 [INFO]  Setting ownership → albinsraj2025 (1000:1000) on /home/albinsraj2025/Downloads/rom_tool_src/workspace/product
22:30:00 [INFO]  Ownership OK — /home/albinsraj2025/Downloads/rom_tool_src/workspace/product now owned by albinsraj2025
22:30:00 [OK]    Saved file list: 518 entries
22:30:00 [OK]    ══════════════════════════════════════════════════
22:30:00 [OK]    Unpack complete: product
22:30:00 [INFO]  Setting ownership → albinsraj2025 (1000:1000) on /home/albinsraj2025/Downloads/rom_tool_src/workspace/vendor
22:30:00 [INFO]  Ownership OK — /home/albinsraj2025/Downloads/rom_tool_src/workspace/vendor now owned by albinsraj2025
22:30:00 [INFO]  Setting ownership → albinsraj2025 (1000:1000) on /home/albinsraj2025/Downloads/rom_tool_src/workspace/vendor/META
22:30:00 [INFO]  Ownership OK — /home/albinsraj2025/Downloads/rom_tool_src/workspace/vendor/META now owned by albinsraj2025
22:30:00 [INFO]  Setting ownership → albinsraj2025 (1000:1000) on /home/albinsraj2025/Downloads/rom_tool_src/workspace/vendor/files
22:30:00 [INFO]  Ownership OK — /home/albinsraj2025/Downloads/rom_tool_src/workspace/vendor/files now owned by albinsraj2025
22:30:00 [INFO]  Detected format: ext4
22:30:00 [INFO]  Running e2fsck …
e2fsck 1.47.0 (5-Feb-2023)
Pass 1: Checking inodes, blocks, and sizes
Pass 2: Checking directory structure
Pass 3: Checking directory connectivity
Pass 4: Checking reference counts
Pass 5: Checking group summary information
vendor: 2517/67248 files (0.1% non-contiguous), 250329/275460 blocks
22:30:00 [INFO]  Setting ownership → albinsraj2025 (1000:1000) on /home/albinsraj2025/Downloads/rom_tool_src/workspace/vendor/META
22:30:00 [INFO]  Ownership OK — /home/albinsraj2025/Downloads/rom_tool_src/workspace/vendor/META now owned by albinsraj2025
RUN: dumpe2fs -h /home/albinsraj2025/Downloads/imgs/vendor.img
22:30:00 [INFO]  Saved metadata → /home/albinsraj2025/Downloads/rom_tool_src/workspace/vendor/META/image_info.txt
22:30:00 [INFO]  Mounting /home/albinsraj2025/Downloads/imgs/vendor.img …
RUN: sudo mount -o loop,ro /home/albinsraj2025/Downloads/imgs/vendor.img /tmp/rom_mnt_18dw4u8r
22:30:00 [INFO]  Copying files → files/ …
22:30:16 [INFO]  Extracting fs_config and SELinux contexts …
22:30:18 [OK]    fs_config:      2186 entries
22:30:18 [OK]    file_contexts:  2186 entries
22:30:18 [INFO]  Setting ownership → albinsraj2025 (1000:1000) on /home/albinsraj2025/Downloads/rom_tool_src/workspace/vendor/files
22:30:18 [INFO]  Ownership OK — /home/albinsraj2025/Downloads/rom_tool_src/workspace/vendor/files now owned by albinsraj2025
22:30:18 [INFO]  Setting ownership → albinsraj2025 (1000:1000) on /home/albinsraj2025/Downloads/rom_tool_src/workspace/vendor/META
22:30:18 [INFO]  Ownership OK — /home/albinsraj2025/Downloads/rom_tool_src/workspace/vendor/META now owned by albinsraj2025
22:30:18 [INFO]  Setting ownership → albinsraj2025 (1000:1000) on /home/albinsraj2025/Downloads/rom_tool_src/workspace/vendor
22:30:18 [INFO]  Ownership OK — /home/albinsraj2025/Downloads/rom_tool_src/workspace/vendor now owned by albinsraj2025
22:30:18 [OK]    Saved file list: 2508 entries
22:30:18 [OK]    ══════════════════════════════════════════════════
22:30:18 [OK]    Unpack complete: vendor
22:30:18 [OK]    Batch unpack complete: 4 images
22:30:56 [INFO]  Setting ownership → albinsraj2025 (1000:1000) on /home/albinsraj2025/Downloads/rom_tool_src
22:30:56 [INFO]  Ownership OK — /home/albinsraj2025/Downloads/rom_tool_src now owned by albinsraj2025
22:30:56 [INFO]  Found 4 partition(s): ['product', 'system', 'system_ext', 'vendor']
22:30:56 [INFO]  New layout: content at files/
22:30:56 [INFO]  fs_config prefix: 'product'  →  -a /product
22:30:56 [INFO]  Setting ownership → albinsraj2025 (1000:1000) on /home/albinsraj2025/Downloads/rom_tool_src
22:30:56 [INFO]  Ownership OK — /home/albinsraj2025/Downloads/rom_tool_src now owned by albinsraj2025
22:30:56 [INFO]  Normalizing fs_config paths …
22:30:56 [INFO]  fs_config paths already clean
22:30:56 [INFO]  Checking for deleted files …
22:30:56 [INFO]  No deleted entries to prune
22:30:56 [INFO]  Checking for new files …
22:30:56 [INFO]  No new files detected
22:30:56 [INFO]  Staging excludes: product.img
22:30:56 [INFO]  Calculating image size (extra: 32 MB) …
22:30:56 [INFO]  Image: 1435 MB  (367510 blocks × 4096B)
22:30:56 [INFO]  Mode: read-only  Method: make_ext4fs   (recommended — Android-native, most compatible)
22:30:56 [INFO]  Creating staging dir …
22:30:56 [INFO]    [stub dir] product/lost+found
22:30:56 [OK]    Generated explicit file_contexts: 518 entries (prefix=/product)
22:30:56 [INFO]  Building with make_ext4fs …
RUN: /home/albinsraj2025/Downloads/rom_tool_src/binaries/bin/Linux/x86_64/make_ext4fs -l 1505320960 -b 4096 -I 256 -T 0 -a /product -L product -C /home/albinsraj2025/Downloads/rom_tool_src/workspace/product/META/fs_config.txt -S /home/albinsraj2025/Downloads/rom_tool_src/workspace/product/META/file_contexts.txt.norm.tmp /home/albinsraj2025/Downloads/rom_tool_src/product_repacked.img /tmp/rom_stage_uaerbi9u
22:31:02 [INFO]  Setting ownership → albinsraj2025 (1000:1000) on /home/albinsraj2025/Downloads/rom_tool_src
22:31:02 [INFO]  Ownership OK — /home/albinsraj2025/Downloads/rom_tool_src now owned by albinsraj2025
22:31:02 [OK]    ══════════════════════════════════════════════════
22:31:02 [OK]    Repack complete: product
22:31:02 [INFO]  New layout: content at files/
22:31:02 [INFO]  fs_config prefix: 'system'  →  -a /system
22:31:02 [INFO]  Setting ownership → albinsraj2025 (1000:1000) on /home/albinsraj2025/Downloads/rom_tool_src
22:31:02 [INFO]  Ownership OK — /home/albinsraj2025/Downloads/rom_tool_src now owned by albinsraj2025
22:31:02 [INFO]  Normalizing fs_config paths …
22:31:02 [INFO]  fs_config paths already clean
22:31:02 [INFO]  Checking for deleted files …
22:31:02 [OK]    Pruned 0 cfg + 6 ctx entries for deleted files
22:31:02 [INFO]  Checking for new files …
22:31:02 [INFO]  No new files detected
22:31:02 [INFO]  Staging excludes: system.img
22:31:02 [INFO]  Calculating image size (extra: 32 MB) …
22:31:02 [INFO]  Image: 1239 MB  (317397 blocks × 4096B)
22:31:02 [INFO]  Mode: read-only  Method: make_ext4fs   (recommended — Android-native, most compatible)
22:31:02 [INFO]  Creating staging dir …
22:31:02 [INFO]    [stub dir] system/lost+found
22:31:02 [INFO]    [stub dir] system/storage
22:31:02 [INFO]    [stub dir] system/system/bin
22:31:02 [INFO]    [stub file] system/system/bin/AudioSetParam
22:31:02 [INFO]    [stub file] system/system/bin/[
22:31:02 [INFO]    [stub file] system/system/bin/abb
22:31:02 [INFO]    [stub file] system/system/bin/abx
22:31:02 [INFO]    [stub file] system/system/bin/abx2xml
22:31:02 [INFO]    [stub file] system/system/bin/acpi
22:31:02 [INFO]    [stub file] system/system/bin/am
22:31:02 [INFO]    [stub file] system/system/bin/apexd
22:31:02 [INFO]    [stub file] system/system/bin/app_process
22:31:02 [INFO]    [stub file] system/system/bin/app_process32
22:31:02 [INFO]    [stub file] system/system/bin/app_process64
22:31:02 [INFO]    [stub file] system/system/bin/appops
22:31:02 [INFO]    [stub file] system/system/bin/appwidget
22:31:02 [INFO]    [stub file] system/system/bin/atrace
22:31:02 [INFO]    [stub file] system/system/bin/audio_set_params
22:31:02 [INFO]    [stub file] system/system/bin/audioserver
22:31:02 [INFO]    [stub file] system/system/bin/audiotest
22:31:02 [INFO]    [stub file] system/system/bin/auditctl
22:31:02 [INFO]    [stub file] system/system/bin/awk
22:31:02 [INFO]    [stub file] system/system/bin/badblocks
22:31:02 [INFO]    [stub file] system/system/bin/base64
22:31:02 [INFO]    [stub file] system/system/bin/basename
22:31:02 [INFO]    [stub file] system/system/bin/batterywarning
22:31:02 [INFO]    [stub file] system/system/bin/bc
22:31:02 [INFO]    [stub file] system/system/bin/bcc
22:31:02 [INFO]    [stub file] system/system/bin/blank_screen
22:31:02 [INFO]    [stub file] system/system/bin/blkid
22:31:02 [INFO]    [stub file] system/system/bin/blockdev
22:31:02 [INFO]    [stub file] system/system/bin/bmgr
22:31:02 [INFO]    [stub file] system/system/bin/boot_logo_updater
22:31:02 [INFO]    [stub file] system/system/bin/bootanimation
22:31:02 [INFO]    [stub file] system/system/bin/bootstat
22:31:02 [INFO]    [stub file] system/system/bin/boringssl_self_test32
22:31:02 [INFO]    [stub file] system/system/bin/boringssl_self_test64
22:31:02 [INFO]    [stub file] system/system/bin/bpfloader
22:31:02 [INFO]    [stub file] system/system/bin/bu
22:31:02 [INFO]    [stub file] system/system/bin/bugreport
22:31:02 [INFO]    [stub file] system/system/bin/bugreportz
22:31:02 [INFO]    [stub file] system/system/bin/bunzip2
22:31:02 [INFO]    [stub file] system/system/bin/bzcat
22:31:02 [INFO]    [stub file] system/system/bin/bzip2
22:31:02 [INFO]    [stub file] system/system/bin/cal
22:31:02 [INFO]    [stub file] system/system/bin/camerapostalgo
22:31:02 [INFO]    [stub file] system/system/bin/cameraserver
22:31:02 [INFO]    [stub file] system/system/bin/cat
22:31:02 [INFO]    [stub file] system/system/bin/charger
22:31:02 [INFO]    [stub file] system/system/bin/chattr
22:31:02 [INFO]    [stub file] system/system/bin/chcon
22:31:02 [INFO]    [stub file] system/system/bin/chgrp
22:31:02 [INFO]    [stub file] system/system/bin/chmod
22:31:02 [INFO]    [stub file] system/system/bin/chown
22:31:02 [INFO]    [stub file] system/system/bin/chroot
22:31:02 [INFO]    [stub file] system/system/bin/chrt
22:31:02 [INFO]    [stub file] system/system/bin/cksum
22:31:02 [INFO]    [stub file] system/system/bin/clatd
22:31:02 [INFO]    [stub file] system/system/bin/clear
22:31:02 [INFO]    [stub file] system/system/bin/cmd
22:31:02 [INFO]    [stub file] system/system/bin/cmp
22:31:02 [INFO]    [stub file] system/system/bin/comm
22:31:02 [INFO]    [stub file] system/system/bin/connsyslogger
22:31:02 [INFO]    [stub file] system/system/bin/content
22:31:02 [INFO]    [stub file] system/system/bin/cp
22:31:02 [INFO]    [stub file] system/system/bin/cpio
22:31:02 [INFO]    [stub file] system/system/bin/cppreopts.sh
22:31:02 [INFO]    [stub file] system/system/bin/crashsplit
22:31:02 [INFO]    [stub file] system/system/bin/credstore
22:31:02 [INFO]    [stub file] system/system/bin/cut
22:31:02 [INFO]    [stub file] system/system/bin/dalvikvm
22:31:02 [INFO]    [stub file] system/system/bin/date
22:31:02 [INFO]    [stub file] system/system/bin/dd
22:31:02 [INFO]    [stub file] system/system/bin/debuggerd
22:31:02 [INFO]    [stub file] system/system/bin/defrag.f2fs
22:31:02 [INFO]    [stub file] system/system/bin/device_config
22:31:02 [INFO]    [stub file] system/system/bin/devmem
22:31:02 [INFO]    [stub file] system/system/bin/dex2oat
22:31:02 [INFO]    [stub file] system/system/bin/df
22:31:02 [INFO]    [stub file] system/system/bin/diff
22:31:02 [INFO]    [stub file] system/system/bin/dirname
22:31:02 [INFO]    [stub file] system/system/bin/disable-verity
22:31:02 [INFO]    [stub file] system/system/bin/dmabuf_dump
22:31:02 [INFO]    [stub file] system/system/bin/dmctl
22:31:02 [INFO]    [stub file] system/system/bin/dmesg
22:31:02 [INFO]    [stub file] system/system/bin/dnsmasq
22:31:02 [INFO]    [stub file] system/system/bin/dos2unix
22:31:02 [INFO]    [stub file] system/system/bin/dpm
22:31:02 [INFO]    [stub file] system/system/bin/drmserver
22:31:02 [INFO]    [stub file] system/system/bin/drmserver64
22:31:02 [INFO]    [stub file] system/system/bin/du
22:31:02 [INFO]    [stub file] system/system/bin/dump.f2fs
22:31:02 [INFO]    [stub file] system/system/bin/dumpstate
22:31:02 [INFO]    [stub file] system/system/bin/dumpsys
22:31:02 [INFO]    [stub file] system/system/bin/e2freefrag
22:31:02 [INFO]    [stub file] system/system/bin/e2fsck
22:31:02 [INFO]    [stub file] system/system/bin/e2fsdroid
22:31:02 [INFO]    [stub file] system/system/bin/echo
22:31:02 [INFO]    [stub file] system/system/bin/egrep
22:31:02 [INFO]    [stub file] system/system/bin/elliptic_engine_record
22:31:02 [INFO]    [stub file] system/system/bin/elliptic_sensor_test
22:31:02 [INFO]    [stub file] system/system/bin/enable-verity
22:31:02 [INFO]    [stub file] system/system/bin/env
22:31:02 [INFO]    [stub file] system/system/bin/expand
22:31:02 [INFO]    [stub file] system/system/bin/expr
22:31:02 [INFO]    [stub file] system/system/bin/fallocate
22:31:02 [INFO]    [stub file] system/system/bin/false
22:31:02 [INFO]    [stub file] system/system/bin/fatalcatch
22:31:02 [INFO]    [stub file] system/system/bin/fgrep
22:31:02 [INFO]    [stub file] system/system/bin/file
22:31:02 [INFO]    [stub file] system/system/bin/find
22:31:02 [INFO]    [stub file] system/system/bin/flags_health_check
22:31:02 [INFO]    [stub file] system/system/bin/flock
22:31:02 [INFO]    [stub file] system/system/bin/fmt
22:31:02 [INFO]    [stub file] system/system/bin/free
22:31:02 [INFO]    [stub file] system/system/bin/fsck.exfat
22:31:02 [INFO]    [stub file] system/system/bin/fsck.f2fs
22:31:02 [INFO]    [stub file] system/system/bin/fsck_msdos
22:31:02 [INFO]    [stub file] system/system/bin/fsverity_init
22:31:02 [INFO]    [stub file] system/system/bin/fsync
22:31:02 [INFO]    [stub file] system/system/bin/gatekeeperd
22:31:02 [INFO]    [stub file] system/system/bin/getconf
22:31:02 [INFO]    [stub file] system/system/bin/getenforce
22:31:02 [INFO]    [stub file] system/system/bin/getevent
22:31:02 [INFO]    [stub file] system/system/bin/getprop
22:31:02 [INFO]    [stub file] system/system/bin/gpuservice
22:31:02 [INFO]    [stub file] system/system/bin/grep
22:31:02 [INFO]    [stub file] system/system/bin/groups
22:31:02 [INFO]    [stub file] system/system/bin/gsi_tool
22:31:02 [INFO]    [stub file] system/system/bin/gsid
22:31:02 [INFO]    [stub file] system/system/bin/gunzip
22:31:02 [INFO]    [stub file] system/system/bin/gzip
22:31:02 [INFO]    [stub file] system/system/bin/head
22:31:02 [INFO]    [stub file] system/system/bin/heapprofd
22:31:02 [INFO]    [stub file] system/system/bin/hid
22:31:02 [INFO]    [stub file] system/system/bin/hostname
22:31:02 [INFO]    [stub file] system/system/bin/hs20-osu-client
22:31:02 [INFO]    [stub file] system/system/bin/hwclock
22:31:02 [INFO]    [stub file] system/system/bin/hwservicemanager
22:31:02 [INFO]    [stub file] system/system/bin/i2cdetect
22:31:02 [INFO]    [stub file] system/system/bin/i2cdump
22:31:02 [INFO]    [stub file] system/system/bin/i2cget
22:31:02 [INFO]    [stub file] system/system/bin/i2cset
22:31:02 [INFO]    [stub file] system/system/bin/iconv
22:31:02 [INFO]    [stub file] system/system/bin/id
22:31:02 [INFO]    [stub file] system/system/bin/idmap2
22:31:02 [INFO]    [stub file] system/system/bin/idmap2d
22:31:02 [INFO]    [stub file] system/system/bin/ifconfig
22:31:02 [INFO]    [stub file] system/system/bin/ime
22:31:02 [INFO]    [stub file] system/system/bin/incident
22:31:02 [INFO]    [stub file] system/system/bin/incident-helper-cmd
22:31:02 [INFO]    [stub file] system/system/bin/incident_helper
22:31:02 [INFO]    [stub file] system/system/bin/incidentd
22:31:02 [INFO]    [stub file] system/system/bin/init
22:31:02 [INFO]    [stub file] system/system/bin/inotifyd
22:31:02 [INFO]    [stub file] system/system/bin/input
22:31:02 [INFO]    [stub file] system/system/bin/insmod
22:31:02 [INFO]    [stub file] system/system/bin/install
22:31:02 [INFO]    [stub file] system/system/bin/installd
22:31:02 [INFO]    [stub file] system/system/bin/ionice
22:31:02 [INFO]    [stub file] system/system/bin/iorap.cmd.compiler
22:31:02 [INFO]    [stub file] system/system/bin/iorap.cmd.maintenance
22:31:02 [INFO]    [stub file] system/system/bin/iorap.inode2filename
22:31:02 [INFO]    [stub file] system/system/bin/iorap.prefetcherd
22:31:02 [INFO]    [stub file] system/system/bin/iorapd
22:31:02 [INFO]    [stub file] system/system/bin/iorenice
22:31:02 [INFO]    [stub file] system/system/bin/ip
22:31:02 [INFO]    [stub file] system/system/bin/ip-wrapper-1.0
22:31:02 [INFO]    [stub file] system/system/bin/ip6tables
22:31:02 [INFO]    [stub file] system/system/bin/ip6tables-restore
22:31:02 [INFO]    [stub file] system/system/bin/ip6tables-save
22:31:02 [INFO]    [stub file] system/system/bin/ip6tables-wrapper-1.0
22:31:02 [INFO]    [stub file] system/system/bin/iptables
22:31:02 [INFO]    [stub file] system/system/bin/iptables-restore
22:31:02 [INFO]    [stub file] system/system/bin/iptables-save
22:31:02 [INFO]    [stub file] system/system/bin/iptables-wrapper-1.0
22:31:02 [INFO]    [stub file] system/system/bin/keystore2
22:31:02 [INFO]    [stub file] system/system/bin/keystore_cli_v2
22:31:02 [INFO]    [stub file] system/system/bin/kill
22:31:02 [INFO]    [stub file] system/system/bin/killall
22:31:02 [INFO]    [stub file] system/system/bin/kpoc_charger
22:31:02 [INFO]    [stub file] system/system/bin/lbs_dbg
22:31:02 [INFO]    [stub file] system/system/bin/ld.mc
22:31:02 [INFO]    [stub file] system/system/bin/ldd
22:31:02 [INFO]    [stub file] system/system/bin/librank
22:31:02 [INFO]    [stub file] system/system/bin/linker
22:31:02 [INFO]    [stub file] system/system/bin/linker64
22:31:02 [INFO]    [stub file] system/system/bin/linker_asan
22:31:02 [INFO]    [stub file] system/system/bin/linker_asan64
22:31:02 [INFO]    [stub file] system/system/bin/linkerconfig
22:31:02 [INFO]    [stub file] system/system/bin/llkd
22:31:02 [INFO]    [stub file] system/system/bin/lmkd
22:31:02 [INFO]    [stub file] system/system/bin/ln
22:31:02 [INFO]    [stub file] system/system/bin/load_policy
22:31:02 [INFO]    [stub file] system/system/bin/locksettings
22:31:02 [INFO]    [stub file] system/system/bin/log
22:31:02 [INFO]    [stub file] system/system/bin/logcat
22:31:02 [INFO]    [stub file] system/system/bin/logd
22:31:02 [INFO]    [stub file] system/system/bin/loghidlsysservice
22:31:02 [INFO]    [stub file] system/system/bin/logname
22:31:02 [INFO]    [stub file] system/system/bin/logwrapper
22:31:02 [INFO]    [stub file] system/system/bin/losetup
22:31:02 [INFO]    [stub file] system/system/bin/lpdump
22:31:02 [INFO]    [stub file] system/system/bin/lpdumpd
22:31:02 [INFO]    [stub file] system/system/bin/ls
22:31:02 [INFO]    [stub file] system/system/bin/lsattr
22:31:02 [INFO]    [stub file] system/system/bin/lshal
22:31:02 [INFO]    [stub file] system/system/bin/lsmod
22:31:02 [INFO]    [stub file] system/system/bin/lsof
22:31:02 [INFO]    [stub file] system/system/bin/lspci
22:31:02 [INFO]    [stub file] system/system/bin/lsusb
22:31:02 [INFO]    [stub file] system/system/bin/make_f2fs
22:31:02 [INFO]    [stub file] system/system/bin/md5sum
22:31:02 [INFO]    [stub file] system/system/bin/mdnsd
22:31:02 [INFO]    [stub file] system/system/bin/mediaextractor
22:31:02 [INFO]    [stub file] system/system/bin/mediahelper
22:31:02 [INFO]    [stub file] system/system/bin/mediametrics
22:31:02 [INFO]    [stub file] system/system/bin/mediaserver
22:31:02 [INFO]    [stub file] system/system/bin/mediaserver64
22:31:02 [INFO]    [stub file] system/system/bin/meminfo.sh
22:31:02 [INFO]    [stub file] system/system/bin/microcom
22:31:02 [INFO]    [stub file] system/system/bin/migrate_legacy_obb_data.sh
22:31:02 [INFO]    [stub file] system/system/bin/mini-keyctl
22:31:02 [INFO]    [stub file] system/system/bin/mkdir
22:31:02 [INFO]    [stub file] system/system/bin/mke2fs
22:31:02 [INFO]    [stub file] system/system/bin/mkfifo
22:31:02 [INFO]    [stub file] system/system/bin/mkfs.exfat
22:31:02 [INFO]    [stub file] system/system/bin/mkfs.ext2
22:31:02 [INFO]    [stub file] system/system/bin/mkfs.ext3
22:31:02 [INFO]    [stub file] system/system/bin/mkfs.ext4
22:31:02 [INFO]    [stub file] system/system/bin/mknod
22:31:02 [INFO]    [stub file] system/system/bin/mkswap
22:31:02 [INFO]    [stub file] system/system/bin/mktemp
22:31:02 [INFO]    [stub file] system/system/bin/mm_events
22:31:02 [INFO]    [stub file] system/system/bin/mobile_log_d
22:31:02 [INFO]    [stub file] system/system/bin/modinfo
22:31:02 [INFO]    [stub file] system/system/bin/modprobe
22:31:02 [INFO]    [stub file] system/system/bin/monkey
22:31:02 [INFO]    [stub file] system/system/bin/more
22:31:02 [INFO]    [stub file] system/system/bin/mount
22:31:02 [INFO]    [stub file] system/system/bin/mountpoint
22:31:02 [INFO]    [stub file] system/system/bin/move_widevine_data.sh
22:31:02 [INFO]    [stub file] system/system/bin/mtk_plpath_utils
22:31:02 [INFO]    [stub file] system/system/bin/mtpd
22:31:02 [INFO]    [stub file] system/system/bin/mv
22:31:02 [INFO]    [stub file] system/system/bin/nc
22:31:02 [INFO]    [stub file] system/system/bin/ndc
22:31:02 [INFO]    [stub file] system/system/bin/ndc-wrapper-1.0
22:31:02 [INFO]    [stub file] system/system/bin/netcat
22:31:02 [INFO]    [stub file] system/system/bin/netd
22:31:02 [INFO]    [stub file] system/system/bin/netdiag
22:31:02 [INFO]    [stub file] system/system/bin/netstat
22:31:02 [INFO]    [stub file] system/system/bin/netutils-wrapper-1.0
22:31:02 [INFO]    [stub file] system/system/bin/newfs_msdos
22:31:02 [INFO]    [stub file] system/system/bin/nice
22:31:02 [INFO]    [stub file] system/system/bin/nl
22:31:02 [INFO]    [stub file] system/system/bin/nohup
22:31:02 [INFO]    [stub file] system/system/bin/nproc
22:31:02 [INFO]    [stub file] system/system/bin/nsenter
22:31:02 [INFO]    [stub file] system/system/bin/od
22:31:02 [INFO]    [stub file] system/system/bin/odsign
22:31:02 [INFO]    [stub file] system/system/bin/oem-iptables-init.sh
22:31:02 [INFO]    [stub file] system/system/bin/osi
22:31:02 [INFO]    [stub file] system/system/bin/osi_bin
22:31:02 [INFO]    [stub file] system/system/bin/otapreopt
22:31:02 [INFO]    [stub file] system/system/bin/otapreopt_chroot
22:31:02 [INFO]    [stub file] system/system/bin/otapreopt_script
22:31:02 [INFO]    [stub file] system/system/bin/otapreopt_slot
22:31:02 [INFO]    [stub file] system/system/bin/paste
22:31:02 [INFO]    [stub file] system/system/bin/patch
22:31:02 [INFO]    [stub file] system/system/bin/perfetto
22:31:02 [INFO]    [stub file] system/system/bin/pgrep
22:31:02 [INFO]    [stub file] system/system/bin/pidof
22:31:02 [INFO]    [stub file] system/system/bin/ping
22:31:02 [INFO]    [stub file] system/system/bin/ping6
22:31:02 [INFO]    [stub file] system/system/bin/pkill
22:31:02 [INFO]    [stub file] system/system/bin/pm
22:31:02 [INFO]    [stub file] system/system/bin/pmap
22:31:02 [INFO]    [stub file] system/system/bin/pppd
22:31:02 [INFO]    [stub file] system/system/bin/preloads_copy.sh
22:31:02 [INFO]    [stub file] system/system/bin/preopt2cachename
22:31:02 [INFO]    [stub file] system/system/bin/printenv
22:31:02 [INFO]    [stub file] system/system/bin/printf
22:31:02 [INFO]    [stub file] system/system/bin/procrank
22:31:02 [INFO]    [stub file] system/system/bin/ps
22:31:02 [INFO]    [stub file] system/system/bin/pwd
22:31:02 [INFO]    [stub file] system/system/bin/racoon
22:31:02 [INFO]    [stub file] system/system/bin/readelf
22:31:02 [INFO]    [stub file] system/system/bin/readlink
22:31:02 [INFO]    [stub file] system/system/bin/realpath
22:31:02 [INFO]    [stub file] system/system/bin/reboot
22:31:02 [INFO]    [stub file] system/system/bin/recovery-persist
22:31:02 [INFO]    [stub file] system/system/bin/renice
22:31:02 [INFO]    [stub file] system/system/bin/requestsync
22:31:02 [INFO]    [stub file] system/system/bin/resize.f2fs
22:31:02 [INFO]    [stub file] system/system/bin/resize2fs
22:31:02 [INFO]    [stub file] system/system/bin/restorecon
22:31:02 [INFO]    [stub file] system/system/bin/rm
22:31:02 [INFO]    [stub file] system/system/bin/rmdir
22:31:02 [INFO]    [stub file] system/system/bin/rmmod
22:31:02 [INFO]    [stub file] system/system/bin/rss_hwm_reset
22:31:02 [INFO]    [stub file] system/system/bin/rtcwake
22:31:02 [INFO]    [stub file] system/system/bin/run-as
22:31:02 [INFO]    [stub file] system/system/bin/runcon
22:31:02 [INFO]    [stub file] system/system/bin/schedtest
22:31:02 [INFO]    [stub file] system/system/bin/screencap
22:31:02 [INFO]    [stub file] system/system/bin/screenrecord
22:31:02 [INFO]    [stub file] system/system/bin/sdcard
22:31:02 [INFO]    [stub file] system/system/bin/secdiscard
22:31:02 [INFO]    [stub file] system/system/bin/secilc
22:31:02 [INFO]    [stub file] system/system/bin/sed
22:31:02 [INFO]    [stub file] system/system/bin/sendevent
22:31:02 [INFO]    [stub file] system/system/bin/sensorservice
22:31:02 [INFO]    [stub file] system/system/bin/seq
22:31:02 [INFO]    [stub file] system/system/bin/service
22:31:02 [INFO]    [stub file] system/system/bin/servicemanager
22:31:02 [INFO]    [stub file] system/system/bin/set-verity-state
22:31:02 [INFO]    [stub file] system/system/bin/setenforce
22:31:02 [INFO]    [stub file] system/system/bin/setprop
22:31:02 [INFO]    [stub file] system/system/bin/setsid
22:31:02 [INFO]    [stub file] system/system/bin/settings
22:31:02 [INFO]    [stub file] system/system/bin/sgdisk
22:31:02 [INFO]    [stub file] system/system/bin/sh
22:31:02 [INFO]    [stub file] system/system/bin/sha1sum
22:31:02 [INFO]    [stub file] system/system/bin/sha224sum
22:31:02 [INFO]    [stub file] system/system/bin/sha256sum
22:31:02 [INFO]    [stub file] system/system/bin/sha384sum
22:31:02 [INFO]    [stub file] system/system/bin/sha512sum
22:31:02 [INFO]    [stub file] system/system/bin/showmap
22:31:02 [INFO]    [stub file] system/system/bin/simpleperf
22:31:02 [INFO]    [stub file] system/system/bin/simpleperf_app_runner
22:31:02 [INFO]    [stub file] system/system/bin/sleep
22:31:02 [INFO]    [stub file] system/system/bin/sload_f2fs
22:31:02 [INFO]    [stub file] system/system/bin/sm
22:31:02 [INFO]    [stub file] system/system/bin/snapshotctl
22:31:02 [INFO]    [stub file] system/system/bin/snapuserd
22:31:02 [INFO]    [stub file] system/system/bin/sort
22:31:02 [INFO]    [stub file] system/system/bin/split
22:31:02 [INFO]    [stub file] system/system/bin/ss
22:31:02 [INFO]    [stub file] system/system/bin/start
22:31:02 [INFO]    [stub file] system/system/bin/stat
22:31:02 [INFO]    [stub file] system/system/bin/stop
22:31:02 [INFO]    [stub file] system/system/bin/storaged
22:31:02 [INFO]    [stub file] system/system/bin/strings
22:31:02 [INFO]    [stub file] system/system/bin/stty
22:31:02 [INFO]    [stub file] system/system/bin/stucklogo
22:31:02 [INFO]    [stub file] system/system/bin/surfaceflinger
22:31:02 [INFO]    [stub file] system/system/bin/svc
22:31:02 [INFO]    [stub file] system/system/bin/swapoff
22:31:02 [INFO]    [stub file] system/system/bin/swapon
22:31:02 [INFO]    [stub file] system/system/bin/sync
22:31:02 [INFO]    [stub file] system/system/bin/sysctl
22:31:02 [INFO]    [stub file] system/system/bin/tac
22:31:02 [INFO]    [stub file] system/system/bin/tail
22:31:02 [INFO]    [stub file] system/system/bin/tar
22:31:02 [INFO]    [stub file] system/system/bin/taskset
22:31:02 [INFO]    [stub file] system/system/bin/tc
22:31:02 [INFO]    [stub file] system/system/bin/tc-wrapper-1.0
22:31:02 [INFO]    [stub file] system/system/bin/tcpdump
22:31:02 [INFO]    [stub file] system/system/bin/tee
22:31:02 [INFO]    [stub file] system/system/bin/telecom
22:31:02 [INFO]    [stub file] system/system/bin/terservice
22:31:02 [INFO]    [stub file] system/system/bin/test
22:31:02 [INFO]    [stub file] system/system/bin/thermald
22:31:02 [INFO]    [stub file] system/system/bin/time
22:31:02 [INFO]    [stub file] system/system/bin/timeout
22:31:02 [INFO]    [stub file] system/system/bin/tne
22:31:02 [INFO]    [stub file] system/system/bin/tne_dumpstate
22:31:02 [INFO]    [stub file] system/system/bin/tombstoned
22:31:02 [INFO]    [stub file] system/system/bin/toolbox
22:31:02 [INFO]    [stub file] system/system/bin/top
22:31:02 [INFO]    [stub file] system/system/bin/touch
22:31:02 [INFO]    [stub file] system/system/bin/toybox
22:31:02 [INFO]    [stub file] system/system/bin/tr
22:31:02 [INFO]    [stub file] system/system/bin/traced
22:31:02 [INFO]    [stub file] system/system/bin/traced_perf
22:31:02 [INFO]    [stub file] system/system/bin/traced_probes
22:31:02 [INFO]    [stub file] system/system/bin/tran_pdb
22:31:02 [INFO]    [stub file] system/system/bin/trigger_perfetto
22:31:02 [INFO]    [stub file] system/system/bin/true
22:31:02 [INFO]    [stub file] system/system/bin/truncate
22:31:02 [INFO]    [stub file] system/system/bin/tty
22:31:02 [INFO]    [stub file] system/system/bin/tune2fs
22:31:02 [INFO]    [stub file] system/system/bin/tzdatacheck
22:31:02 [INFO]    [stub file] system/system/bin/ueventd
22:31:02 [INFO]    [stub file] system/system/bin/uiautomator
22:31:02 [INFO]    [stub file] system/system/bin/uinput
22:31:02 [INFO]    [stub file] system/system/bin/ulimit
22:31:02 [INFO]    [stub file] system/system/bin/umount
22:31:02 [INFO]    [stub file] system/system/bin/uname
22:31:02 [INFO]    [stub file] system/system/bin/uncrypt
22:31:02 [INFO]    [stub file] system/system/bin/uniq
22:31:02 [INFO]    [stub file] system/system/bin/unix2dos
22:31:02 [INFO]    [stub file] system/system/bin/unlink
22:31:02 [INFO]    [stub file] system/system/bin/unshare
22:31:02 [INFO]    [stub file] system/system/bin/unzip
22:31:02 [INFO]    [stub file] system/system/bin/update_engine
22:31:02 [INFO]    [stub file] system/system/bin/update_verifier
22:31:02 [INFO]    [stub file] system/system/bin/uptime
22:31:02 [INFO]    [stub file] system/system/bin/usbd
22:31:02 [INFO]    [stub file] system/system/bin/usleep
22:31:02 [INFO]    [stub file] system/system/bin/uudecode
22:31:02 [INFO]    [stub file] system/system/bin/uuencode
22:31:02 [INFO]    [stub file] system/system/bin/uuidgen
22:31:02 [INFO]    [stub file] system/system/bin/vdc
22:31:02 [INFO]    [stub file] system/system/bin/viewcompiler
22:31:02 [INFO]    [stub file] system/system/bin/vmstat
22:31:02 [INFO]    [stub file] system/system/bin/vold
22:31:02 [INFO]    [stub file] system/system/bin/vold_prepare_subdirs
22:31:02 [INFO]    [stub file] system/system/bin/vr
22:31:02 [INFO]    [stub file] system/system/bin/vtservice
22:31:02 [INFO]    [stub file] system/system/bin/wait_for_keymaster
22:31:02 [INFO]    [stub file] system/system/bin/watch
22:31:02 [INFO]    [stub file] system/system/bin/watchdogd
22:31:02 [INFO]    [stub file] system/system/bin/wc
22:31:02 [INFO]    [stub file] system/system/bin/which
22:31:02 [INFO]    [stub file] system/system/bin/whoami
22:31:02 [INFO]    [stub file] system/system/bin/wificond
22:31:02 [INFO]    [stub file] system/system/bin/wm
22:31:02 [INFO]    [stub file] system/system/bin/xargs
22:31:02 [INFO]    [stub file] system/system/bin/xml2abx
22:31:02 [INFO]    [stub file] system/system/bin/xxd
22:31:02 [INFO]    [stub file] system/system/bin/yes
22:31:02 [INFO]    [stub file] system/system/bin/zcat
22:31:02 [INFO]    [stub file] system/system/bin/zipinfo
22:31:02 [INFO]    [stub file] system/system/bin/ziptool
22:31:02 [INFO]    [stub dir] system/system/bin/bootstrap
22:31:02 [INFO]    [stub file] system/system/bin/bootstrap/linker
22:31:02 [INFO]    [stub file] system/system/bin/bootstrap/linker64
22:31:02 [INFO]    [stub file] system/system/bin/bootstrap/linker_asan
22:31:02 [INFO]    [stub file] system/system/bin/bootstrap/linker_asan64
22:31:02 [INFO]    [stub file] system/system/bin/bootstrap/linkerconfig
22:31:02 [INFO]    [stub dir] system/system/bin/hw
22:31:02 [INFO]    [stub file] system/system/bin/hw/android.hidl.allocator@1.0-service
22:31:02 [INFO]    [stub file] system/system/bin/hw/android.system.suspend@1.0-service
22:31:03 [OK]    Generated explicit file_contexts: 3702 entries (prefix=/system)
22:31:03 [INFO]  Building with make_ext4fs …
RUN: /home/albinsraj2025/Downloads/rom_tool_src/binaries/bin/Linux/x86_64/make_ext4fs -l 1300058112 -b 4096 -I 256 -T 0 -a /system -L system -C /home/albinsraj2025/Downloads/rom_tool_src/workspace/system/META/fs_config.txt -S /home/albinsraj2025/Downloads/rom_tool_src/workspace/system/META/file_contexts.txt.norm.tmp /home/albinsraj2025/Downloads/rom_tool_src/system_repacked.img /tmp/rom_stage_jkoo9udq
22:31:23 [INFO]  Setting ownership → albinsraj2025 (1000:1000) on /home/albinsraj2025/Downloads/rom_tool_src
22:31:23 [INFO]  Ownership OK — /home/albinsraj2025/Downloads/rom_tool_src now owned by albinsraj2025
22:31:23 [OK]    ══════════════════════════════════════════════════
22:31:23 [OK]    Repack complete: system
22:31:23 [INFO]  New layout: content at files/
22:31:23 [INFO]  fs_config prefix: 'system_ext'  →  -a /system_ext
22:31:23 [INFO]  Setting ownership → albinsraj2025 (1000:1000) on /home/albinsraj2025/Downloads/rom_tool_src
22:31:23 [INFO]  Ownership OK — /home/albinsraj2025/Downloads/rom_tool_src now owned by albinsraj2025
22:31:23 [INFO]  Normalizing fs_config paths …
22:31:23 [INFO]  fs_config paths already clean
22:31:23 [INFO]  Checking for deleted files …
22:31:23 [INFO]  No deleted entries to prune
22:31:23 [INFO]  Checking for new files …
22:31:23 [INFO]  No new files detected
22:31:23 [INFO]  Staging excludes: system_ext.img
22:31:23 [INFO]  Calculating image size (extra: 32 MB) …
22:31:23 [INFO]  Image: 1863 MB  (477034 blocks × 4096B)
22:31:23 [INFO]  Mode: read-only  Method: make_ext4fs   (recommended — Android-native, most compatible)
22:31:23 [INFO]  Creating staging dir …
22:31:23 [INFO]    [stub dir] system_ext/bin
22:31:23 [INFO]    [stub file] system_ext/bin/aee
22:31:23 [INFO]    [stub file] system_ext/bin/aee_aed
22:31:23 [INFO]    [stub file] system_ext/bin/aee_aed64
22:31:23 [INFO]    [stub file] system_ext/bin/aee_aed64_v2
22:31:23 [INFO]    [stub file] system_ext/bin/aee_core_forwarder
22:31:23 [INFO]    [stub file] system_ext/bin/aee_core_forwarder_v2
22:31:23 [INFO]    [stub file] system_ext/bin/aee_dumpstate
22:31:23 [INFO]    [stub file] system_ext/bin/aee_dumpstate_v2
22:31:23 [INFO]    [stub file] system_ext/bin/aee_v2
22:31:23 [INFO]    [stub file] system_ext/bin/aeedb
22:31:23 [INFO]    [stub file] system_ext/bin/aeedb_v2
22:31:23 [INFO]    [stub file] system_ext/bin/emdlogger1
22:31:23 [INFO]    [stub file] system_ext/bin/emdlogger2
22:31:23 [INFO]    [stub file] system_ext/bin/emdlogger3
22:31:23 [INFO]    [stub file] system_ext/bin/emdlogger5
22:31:23 [INFO]    [stub file] system_ext/bin/mdlogger
22:31:23 [INFO]    [stub file] system_ext/bin/rtt
22:31:23 [INFO]    [stub file] system_ext/bin/rtt_v2
22:31:23 [INFO]    [stub file] system_ext/bin/trace
22:31:23 [INFO]    [stub dir] system_ext/lost+found
22:31:24 [OK]    Generated explicit file_contexts: 570 entries (prefix=/system_ext)
22:31:24 [INFO]  Building with make_ext4fs …
RUN: /home/albinsraj2025/Downloads/rom_tool_src/binaries/bin/Linux/x86_64/make_ext4fs -l 1953931264 -b 4096 -I 256 -T 0 -a /system_ext -L system_ext -C /home/albinsraj2025/Downloads/rom_tool_src/workspace/system_ext/META/fs_config.txt -S /home/albinsraj2025/Downloads/rom_tool_src/workspace/system_ext/META/file_contexts.txt.norm.tmp /home/albinsraj2025/Downloads/rom_tool_src/system_ext_repacked.img /tmp/rom_stage_tqve7cjc
22:31:55 [INFO]  Setting ownership → albinsraj2025 (1000:1000) on /home/albinsraj2025/Downloads/rom_tool_src
22:31:55 [INFO]  Ownership OK — /home/albinsraj2025/Downloads/rom_tool_src now owned by albinsraj2025
22:31:55 [OK]    ══════════════════════════════════════════════════
22:31:55 [OK]    Repack complete: system_ext
22:31:55 [INFO]  New layout: content at files/
22:31:55 [INFO]  fs_config prefix: 'vendor'  →  -a /vendor
22:31:55 [INFO]  Setting ownership → albinsraj2025 (1000:1000) on /home/albinsraj2025/Downloads/rom_tool_src
22:31:55 [INFO]  Ownership OK — /home/albinsraj2025/Downloads/rom_tool_src now owned by albinsraj2025
22:31:55 [INFO]  Normalizing fs_config paths …
22:31:55 [INFO]  fs_config paths already clean
22:31:55 [INFO]  Checking for deleted files …
22:31:55 [INFO]  No deleted entries to prune
22:31:55 [INFO]  Checking for new files …
22:31:55 [INFO]  No new files detected
22:31:55 [INFO]  Staging excludes: vendor.img
22:31:55 [INFO]  Calculating image size (extra: 32 MB) …
22:31:55 [INFO]  Image: 1178 MB  (301681 blocks × 4096B)
22:31:55 [INFO]  Mode: read-only  Method: make_ext4fs   (recommended — Android-native, most compatible)
22:31:55 [INFO]  Creating staging dir …
22:31:55 [INFO]    [stub dir] vendor/bin
22:31:55 [INFO]    [stub file] vendor/bin/AgentTest
22:31:55 [INFO]    [stub file] vendor/bin/[
22:31:55 [INFO]    [stub file] vendor/bin/acpi
22:31:55 [INFO]    [stub file] vendor/bin/aee_aedv
22:31:55 [INFO]    [stub file] vendor/bin/aee_aedv64
22:31:55 [INFO]    [stub file] vendor/bin/aee_dumpstatev
22:31:55 [INFO]    [stub file] vendor/bin/aeev
22:31:55 [INFO]    [stub file] vendor/bin/applypatch
22:31:55 [INFO]    [stub file] vendor/bin/atcid
22:31:55 [INFO]    [stub file] vendor/bin/audiocmdservice_atci
22:31:55 [INFO]    [stub file] vendor/bin/autobt
22:31:55 [INFO]    [stub file] vendor/bin/awk
22:31:55 [INFO]    [stub file] vendor/bin/base64
22:31:55 [INFO]    [stub file] vendor/bin/basename
22:31:55 [INFO]    [stub file] vendor/bin/bip
22:31:55 [INFO]    [stub file] vendor/bin/blockdev
22:31:55 [INFO]    [stub file] vendor/bin/boringssl_self_test32
22:31:55 [INFO]    [stub file] vendor/bin/boringssl_self_test64
22:31:55 [INFO]    [stub file] vendor/bin/cal
22:31:55 [INFO]    [stub file] vendor/bin/cat
22:31:55 [INFO]    [stub file] vendor/bin/ccci_mdinit
22:31:55 [INFO]    [stub file] vendor/bin/ccci_rpcd
22:31:55 [INFO]    [stub file] vendor/bin/charon
22:31:55 [INFO]    [stub file] vendor/bin/chattr
22:31:55 [INFO]    [stub file] vendor/bin/chcon
22:31:55 [INFO]    [stub file] vendor/bin/chgrp
22:31:55 [INFO]    [stub file] vendor/bin/chipinfo
22:31:55 [INFO]    [stub file] vendor/bin/chmod
22:31:55 [INFO]    [stub file] vendor/bin/chown
22:31:55 [INFO]    [stub file] vendor/bin/chroot
22:31:55 [INFO]    [stub file] vendor/bin/chrt
22:31:55 [INFO]    [stub file] vendor/bin/cksum
22:31:55 [INFO]    [stub file] vendor/bin/clear
22:31:55 [INFO]    [stub file] vendor/bin/cmp
22:31:55 [INFO]    [stub file] vendor/bin/comm
22:31:55 [INFO]    [stub file] vendor/bin/cp
22:31:55 [INFO]    [stub file] vendor/bin/cpio
22:31:55 [INFO]    [stub file] vendor/bin/cut
22:31:55 [INFO]    [stub file] vendor/bin/date
22:31:55 [INFO]    [stub file] vendor/bin/dconfig
22:31:55 [INFO]    [stub file] vendor/bin/dd
22:31:55 [INFO]    [stub file] vendor/bin/devmem
22:31:55 [INFO]    [stub file] vendor/bin/dexecutor
22:31:55 [INFO]    [stub file] vendor/bin/df
22:31:55 [INFO]    [stub file] vendor/bin/diff
22:31:55 [INFO]    [stub file] vendor/bin/dirname
22:31:55 [INFO]    [stub file] vendor/bin/dmabuf_dump
22:31:55 [INFO]    [stub file] vendor/bin/dmc_core
22:31:55 [INFO]    [stub file] vendor/bin/dmesg
22:31:55 [INFO]    [stub file] vendor/bin/doeapp-memtester
22:31:55 [INFO]    [stub file] vendor/bin/doeapp-sat
22:31:55 [INFO]    [stub file] vendor/bin/dos2unix
22:31:55 [INFO]    [stub file] vendor/bin/dtc_vendor
22:31:55 [INFO]    [stub file] vendor/bin/du
22:31:55 [INFO]    [stub file] vendor/bin/dumpsys
22:31:55 [INFO]    [stub file] vendor/bin/echo
22:31:55 [INFO]    [stub file] vendor/bin/egrep
22:31:55 [INFO]    [stub file] vendor/bin/em_hidl
22:31:55 [INFO]    [stub file] vendor/bin/env
22:31:55 [INFO]    [stub file] vendor/bin/epdg_wod
22:31:55 [INFO]    [stub file] vendor/bin/expand
22:31:55 [INFO]    [stub file] vendor/bin/expr
22:31:55 [INFO]    [stub file] vendor/bin/factory
22:31:55 [INFO]    [stub file] vendor/bin/fallocate
22:31:55 [INFO]    [stub file] vendor/bin/false
22:31:55 [INFO]    [stub file] vendor/bin/fgrep
22:31:55 [INFO]    [stub file] vendor/bin/file
22:31:55 [INFO]    [stub file] vendor/bin/find
22:31:55 [INFO]    [stub file] vendor/bin/flock
22:31:55 [INFO]    [stub file] vendor/bin/fmt
22:31:55 [INFO]    [stub file] vendor/bin/free
22:31:55 [INFO]    [stub file] vendor/bin/fsync
22:31:55 [INFO]    [stub file] vendor/bin/fuelgauged
22:31:55 [INFO]    [stub file] vendor/bin/fuelgauged_nvram
22:31:55 [INFO]    [stub file] vendor/bin/getconf
22:31:55 [INFO]    [stub file] vendor/bin/getenforce
22:31:55 [INFO]    [stub file] vendor/bin/getevent
22:31:55 [INFO]    [stub file] vendor/bin/getgameserver
22:31:55 [INFO]    [stub file] vendor/bin/getprop
22:31:55 [INFO]    [stub file] vendor/bin/grep
22:31:55 [INFO]    [stub file] vendor/bin/groups
22:31:55 [INFO]    [stub file] vendor/bin/gsm0710muxd
22:31:55 [INFO]    [stub file] vendor/bin/gunzip
22:31:55 [INFO]    [stub file] vendor/bin/gzip
22:31:55 [INFO]    [stub file] vendor/bin/head
22:31:55 [INFO]    [stub file] vendor/bin/hostapd_cli
22:31:55 [INFO]    [stub file] vendor/bin/hostname
22:31:55 [INFO]    [stub file] vendor/bin/hwclock
22:31:55 [INFO]    [stub file] vendor/bin/i2cdetect
22:31:55 [INFO]    [stub file] vendor/bin/i2cdump
22:31:55 [INFO]    [stub file] vendor/bin/i2cget
22:31:55 [INFO]    [stub file] vendor/bin/i2cset
22:31:55 [INFO]    [stub file] vendor/bin/iconv
22:31:55 [INFO]    [stub file] vendor/bin/id
22:31:55 [INFO]    [stub file] vendor/bin/ifconfig
22:31:55 [INFO]    [stub file] vendor/bin/init.insmod.sh
22:31:55 [INFO]    [stub file] vendor/bin/inotifyd
22:31:55 [INFO]    [stub file] vendor/bin/insmod
22:31:55 [INFO]    [stub file] vendor/bin/install
22:31:55 [INFO]    [stub file] vendor/bin/iomanager
22:31:55 [INFO]    [stub file] vendor/bin/ionice
22:31:55 [INFO]    [stub file] vendor/bin/iorenice
22:31:55 [INFO]    [stub file] vendor/bin/ipsec_mon
22:31:55 [INFO]    [stub file] vendor/bin/jpegtool
22:31:55 [INFO]    [stub file] vendor/bin/kill
22:31:55 [INFO]    [stub file] vendor/bin/killall
22:31:55 [INFO]    [stub file] vendor/bin/kmsetkey_ca.trustonic
22:31:55 [INFO]    [stub file] vendor/bin/lbs_hidl_service
22:31:55 [INFO]    [stub file] vendor/bin/lib3a.ccu.dm
22:31:55 [INFO]    [stub file] vendor/bin/lib3a.ccu.pm
22:31:55 [INFO]    [stub file] vendor/bin/ln
22:31:55 [INFO]    [stub file] vendor/bin/load_policy
22:31:55 [INFO]    [stub file] vendor/bin/log
22:31:55 [INFO]    [stub file] vendor/bin/loghidlvendorservice
22:31:55 [INFO]    [stub file] vendor/bin/logname
22:31:55 [INFO]    [stub file] vendor/bin/logwrapper
22:31:55 [INFO]    [stub file] vendor/bin/losetup
22:31:55 [INFO]    [stub file] vendor/bin/ls
22:31:55 [INFO]    [stub file] vendor/bin/lsattr
22:31:55 [INFO]    [stub file] vendor/bin/lsmod
22:31:55 [INFO]    [stub file] vendor/bin/lsof
22:31:55 [INFO]    [stub file] vendor/bin/lspci
22:31:55 [INFO]    [stub file] vendor/bin/lsusb
22:31:55 [INFO]    [stub file] vendor/bin/mcDriverDaemon
22:31:55 [INFO]    [stub file] vendor/bin/md5sum
22:31:55 [INFO]    [stub file] vendor/bin/md_monitor
22:31:55 [INFO]    [stub file] vendor/bin/md_monitor_ctrl
22:31:55 [INFO]    [stub file] vendor/bin/meta_tst
22:31:55 [INFO]    [stub file] vendor/bin/microcom
22:31:55 [INFO]    [stub file] vendor/bin/mkdir
22:31:55 [INFO]    [stub file] vendor/bin/mkfifo
22:31:55 [INFO]    [stub file] vendor/bin/mknod
22:31:55 [INFO]    [stub file] vendor/bin/mkswap
22:31:55 [INFO]    [stub file] vendor/bin/mktemp
22:31:55 [INFO]    [stub file] vendor/bin/mnld
22:31:55 [INFO]    [stub file] vendor/bin/modinfo
22:31:55 [INFO]    [stub file] vendor/bin/modprobe
22:31:55 [INFO]    [stub file] vendor/bin/more
22:31:55 [INFO]    [stub file] vendor/bin/mount
22:31:55 [INFO]    [stub file] vendor/bin/mountpoint
22:31:55 [INFO]    [stub file] vendor/bin/mrdump_tool
22:31:55 [INFO]    [stub file] vendor/bin/mt6660_calibration
22:31:55 [INFO]    [stub file] vendor/bin/mtk_agpsd
22:31:55 [INFO]    [stub file] vendor/bin/mtk_pkm_service
22:31:55 [INFO]    [stub file] vendor/bin/mtk_plpath_utils_ota
22:31:55 [INFO]    [stub file] vendor/bin/muxreport
22:31:55 [INFO]    [stub file] vendor/bin/mv
22:31:55 [INFO]    [stub file] vendor/bin/nc
22:31:55 [INFO]    [stub file] vendor/bin/netcat
22:31:55 [INFO]    [stub file] vendor/bin/netdagent
22:31:55 [INFO]    [stub file] vendor/bin/netdc
22:31:55 [INFO]    [stub file] vendor/bin/netstat
22:31:55 [INFO]    [stub file] vendor/bin/nice
22:31:55 [INFO]    [stub file] vendor/bin/nl
22:31:55 [INFO]    [stub file] vendor/bin/nohup
22:31:55 [INFO]    [stub file] vendor/bin/nproc
22:31:55 [INFO]    [stub file] vendor/bin/nsenter
22:31:55 [INFO]    [stub file] vendor/bin/nvram_daemon
22:31:55 [INFO]    [stub file] vendor/bin/od
22:31:55 [INFO]    [stub file] vendor/bin/paste
22:31:55 [INFO]    [stub file] vendor/bin/patch
22:31:55 [INFO]    [stub file] vendor/bin/paytrigger_test
22:31:55 [INFO]    [stub file] vendor/bin/pgrep
22:31:55 [INFO]    [stub file] vendor/bin/pidof
22:31:55 [INFO]    [stub file] vendor/bin/pkill
22:31:55 [INFO]    [stub file] vendor/bin/pmap
22:31:55 [INFO]    [stub file] vendor/bin/pnpmgr
22:31:55 [INFO]    [stub file] vendor/bin/printenv
22:31:55 [INFO]    [stub file] vendor/bin/printf
22:31:55 [INFO]    [stub file] vendor/bin/ps
22:31:55 [INFO]    [stub file] vendor/bin/pwd
22:31:55 [INFO]    [stub file] vendor/bin/rcs_volte_stack
22:31:55 [INFO]    [stub file] vendor/bin/readelf
22:31:55 [INFO]    [stub file] vendor/bin/readlink
22:31:55 [INFO]    [stub file] vendor/bin/realpath
22:31:55 [INFO]    [stub file] vendor/bin/recordevent
22:31:55 [INFO]    [stub file] vendor/bin/renice
22:31:55 [INFO]    [stub file] vendor/bin/replayevent
22:31:55 [INFO]    [stub file] vendor/bin/restorecon
22:31:55 [INFO]    [stub file] vendor/bin/rm
22:31:55 [INFO]    [stub file] vendor/bin/rmdir
22:31:55 [INFO]    [stub file] vendor/bin/rmmod
22:31:55 [INFO]    [stub file] vendor/bin/rt5512_calibration
22:31:55 [INFO]    [stub file] vendor/bin/rtcwake
22:31:55 [INFO]    [stub file] vendor/bin/rttv
22:31:55 [INFO]    [stub file] vendor/bin/runcon
22:31:55 [INFO]    [stub file] vendor/bin/sed
22:31:55 [INFO]    [stub file] vendor/bin/sendevent
22:31:55 [INFO]    [stub file] vendor/bin/seq
22:31:55 [INFO]    [stub file] vendor/bin/setenforce
22:31:55 [INFO]    [stub file] vendor/bin/setprop
22:31:55 [INFO]    [stub file] vendor/bin/setsid
22:31:55 [INFO]    [stub file] vendor/bin/sh
22:31:55 [INFO]    [stub file] vendor/bin/sha1sum
22:31:55 [INFO]    [stub file] vendor/bin/sha224sum
22:31:55 [INFO]    [stub file] vendor/bin/sha256sum
22:31:55 [INFO]    [stub file] vendor/bin/sha384sum
22:31:55 [INFO]    [stub file] vendor/bin/sha512sum
22:31:55 [INFO]    [stub file] vendor/bin/sleep
22:31:55 [INFO]    [stub file] vendor/bin/sort
22:31:55 [INFO]    [stub file] vendor/bin/split
22:31:55 [INFO]    [stub file] vendor/bin/start
22:31:55 [INFO]    [stub file] vendor/bin/starter
22:31:55 [INFO]    [stub file] vendor/bin/stat
22:31:55 [INFO]    [stub file] vendor/bin/stop
22:31:55 [INFO]    [stub file] vendor/bin/storage_feature_cloudctl
22:31:55 [INFO]    [stub file] vendor/bin/stp_dump3
22:31:55 [INFO]    [stub file] vendor/bin/strings
22:31:55 [INFO]    [stub file] vendor/bin/stroke
22:31:55 [INFO]    [stub file] vendor/bin/stty
22:31:55 [INFO]    [stub file] vendor/bin/swapoff
22:31:55 [INFO]    [stub file] vendor/bin/swapon
22:31:55 [INFO]    [stub file] vendor/bin/sync
22:31:55 [INFO]    [stub file] vendor/bin/sysctl
22:31:55 [INFO]    [stub file] vendor/bin/tac
22:31:55 [INFO]    [stub file] vendor/bin/tail
22:31:55 [INFO]    [stub file] vendor/bin/tar
22:31:55 [INFO]    [stub file] vendor/bin/taskset
22:31:55 [INFO]    [stub file] vendor/bin/tee
22:31:55 [INFO]    [stub file] vendor/bin/test
22:31:55 [INFO]    [stub file] vendor/bin/testgameserver
22:31:55 [INFO]    [stub file] vendor/bin/thermal
22:31:55 [INFO]    [stub file] vendor/bin/thermal_manager
22:31:55 [INFO]    [stub file] vendor/bin/thermalloadalgod
22:31:55 [INFO]    [stub file] vendor/bin/time
22:31:55 [INFO]    [stub file] vendor/bin/timeout
22:31:55 [INFO]    [stub file] vendor/bin/toolbox
22:31:55 [INFO]    [stub file] vendor/bin/top
22:31:55 [INFO]    [stub file] vendor/bin/touch
22:31:55 [INFO]    [stub file] vendor/bin/toybox_vendor
22:31:55 [INFO]    [stub file] vendor/bin/tr
22:31:55 [INFO]    [stub file] vendor/bin/tranlog
22:31:55 [INFO]    [stub file] vendor/bin/tranlogconfig
22:31:55 [INFO]    [stub file] vendor/bin/true
22:31:55 [INFO]    [stub file] vendor/bin/truncate
22:31:55 [INFO]    [stub file] vendor/bin/tty
22:31:55 [INFO]    [stub file] vendor/bin/ulimit
22:31:55 [INFO]    [stub file] vendor/bin/umount
22:31:55 [INFO]    [stub file] vendor/bin/uname
22:31:55 [INFO]    [stub file] vendor/bin/uniq
22:31:55 [INFO]    [stub file] vendor/bin/unix2dos
22:31:55 [INFO]    [stub file] vendor/bin/unlink
22:31:55 [INFO]    [stub file] vendor/bin/unshare
22:31:55 [INFO]    [stub file] vendor/bin/uptime
22:31:55 [INFO]    [stub file] vendor/bin/usleep
22:31:55 [INFO]    [stub file] vendor/bin/uudecode
22:31:55 [INFO]    [stub file] vendor/bin/uuencode
22:31:55 [INFO]    [stub file] vendor/bin/uuidgen
22:31:55 [INFO]    [stub file] vendor/bin/vmstat
22:31:55 [INFO]    [stub file] vendor/bin/vndservice
22:31:55 [INFO]    [stub file] vendor/bin/vndservicemanager
22:31:55 [INFO]    [stub file] vendor/bin/volte_clientapi_ua
22:31:55 [INFO]    [stub file] vendor/bin/volte_imcb
22:31:55 [INFO]    [stub file] vendor/bin/volte_imsm_93
22:31:55 [INFO]    [stub file] vendor/bin/volte_md_status
22:31:55 [INFO]    [stub file] vendor/bin/volte_rcs_ua
22:31:55 [INFO]    [stub file] vendor/bin/volte_stack
22:31:55 [INFO]    [stub file] vendor/bin/volte_ua
22:31:55 [INFO]    [stub file] vendor/bin/vpud
22:31:55 [INFO]    [stub file] vendor/bin/watch
22:31:55 [INFO]    [stub file] vendor/bin/wc
22:31:55 [INFO]    [stub file] vendor/bin/wfca
22:31:55 [INFO]    [stub file] vendor/bin/which
22:31:55 [INFO]    [stub file] vendor/bin/whoami
22:31:55 [INFO]    [stub file] vendor/bin/wlan_assistant
22:31:55 [INFO]    [stub file] vendor/bin/wmt_launcher
22:31:55 [INFO]    [stub file] vendor/bin/wmt_loader
22:31:55 [INFO]    [stub file] vendor/bin/wpa_cli
22:31:55 [INFO]    [stub file] vendor/bin/xargs
22:31:55 [INFO]    [stub file] vendor/bin/xxd
22:31:55 [INFO]    [stub file] vendor/bin/yes
22:31:55 [INFO]    [stub file] vendor/bin/zcat
22:31:55 [INFO]    [stub dir] vendor/bin/hw
22:31:55 [INFO]    [stub file] vendor/bin/hw/android.hardware.audio.service.mediatek
22:31:55 [INFO]    [stub file] vendor/bin/hw/android.hardware.biometrics.fingerprint@2.1-service
22:31:55 [INFO]    [stub file] vendor/bin/hw/android.hardware.bluetooth@1.1-service-mediatek
22:31:55 [INFO]    [stub file] vendor/bin/hw/android.hardware.boot@1.2-service
22:31:55 [INFO]    [stub file] vendor/bin/hw/android.hardware.cas@1.2-service-lazy
22:31:55 [INFO]    [stub file] vendor/bin/hw/android.hardware.drm@1.4-service.clearkey
22:31:55 [INFO]    [stub file] vendor/bin/hw/android.hardware.drm@1.4-service.widevine
22:31:55 [INFO]    [stub file] vendor/bin/hw/android.hardware.gatekeeper@1.0-service
22:31:55 [INFO]    [stub file] vendor/bin/hw/android.hardware.gnss-service.mediatek
22:31:55 [INFO]    [stub file] vendor/bin/hw/android.hardware.graphics.allocator@4.0-service-mediatek
22:31:55 [INFO]    [stub file] vendor/bin/hw/android.hardware.graphics.composer@2.1-service
22:31:55 [INFO]    [stub file] vendor/bin/hw/android.hardware.health@2.1-service
22:31:55 [INFO]    [stub file] vendor/bin/hw/android.hardware.keymaster@4.1-service.trustonic
22:31:55 [INFO]    [stub file] vendor/bin/hw/android.hardware.lights-service.mediatek
22:31:55 [INFO]    [stub file] vendor/bin/hw/android.hardware.media.c2@1.2-mediatek
22:31:55 [INFO]    [stub file] vendor/bin/hw/android.hardware.media.c2@1.2-mediatek-64b
22:31:55 [INFO]    [stub file] vendor/bin/hw/android.hardware.media.omx@1.0-service
22:31:55 [INFO]    [stub file] vendor/bin/hw/android.hardware.memtrack@1.0-service
22:31:55 [INFO]    [stub file] vendor/bin/hw/android.hardware.neuralnetworks@1.3-service-mtk-neuron
22:31:55 [INFO]    [stub file] vendor/bin/hw/android.hardware.secure_element@1.2-service-mediatek
22:31:55 [INFO]    [stub file] vendor/bin/hw/android.hardware.sensors@2.0-service.multihal-mediatek
22:31:55 [INFO]    [stub file] vendor/bin/hw/android.hardware.thermal@2.0-service.mtk
22:31:55 [INFO]    [stub file] vendor/bin/hw/android.hardware.usb@1.2-service-mediatekv2
22:31:55 [INFO]    [stub file] vendor/bin/hw/android.hardware.vibrator-service.mediatek
22:31:55 [INFO]    [stub file] vendor/bin/hw/android.hardware.wifi@1.0-service-lazy
22:31:55 [INFO]    [stub file] vendor/bin/hw/camerahalserver
22:31:55 [INFO]    [stub file] vendor/bin/hw/hostapd
22:31:55 [INFO]    [stub file] vendor/bin/hw/mtkfusionrild
22:31:55 [INFO]    [stub file] vendor/bin/hw/tetheroffloadservice
22:31:55 [INFO]    [stub file] vendor/bin/hw/vendor.mediatek.hardware.aee@1.1-service
22:31:55 [INFO]    [stub file] vendor/bin/hw/vendor.mediatek.hardware.keymaster_attestation@1.1-service
22:31:55 [INFO]    [stub file] vendor/bin/hw/vendor.mediatek.hardware.mmagent@1.1-service
22:31:55 [INFO]    [stub file] vendor/bin/hw/vendor.mediatek.hardware.mms@1.6-service
22:31:55 [INFO]    [stub file] vendor/bin/hw/vendor.mediatek.hardware.mtkpower@1.0-service
22:31:55 [INFO]    [stub file] vendor/bin/hw/vendor.mediatek.hardware.nvram@1.1-service
22:31:55 [INFO]    [stub file] vendor/bin/hw/vendor.mediatek.hardware.nwk_opt@1.0-service
22:31:55 [INFO]    [stub file] vendor/bin/hw/vendor.mediatek.hardware.paytrigger@1.0-service
22:31:55 [INFO]    [stub file] vendor/bin/hw/vendor.mediatek.hardware.pq@2.2-service
22:31:55 [INFO]    [stub file] vendor/bin/hw/vendor.mediatek.hardware.tranHwInfo@1.0-service
22:31:55 [INFO]    [stub file] vendor/bin/hw/vendor.silead.hardware.fingerprintext@1.0-service
22:31:55 [INFO]    [stub file] vendor/bin/hw/vendor.storage@1.0-service
22:31:55 [INFO]    [stub file] vendor/bin/hw/vendor.tne@1.0-service
22:31:55 [INFO]    [stub file] vendor/bin/hw/vendor.transsion.hardware.hyperion.hap@1.0-service
22:31:55 [INFO]    [stub file] vendor/bin/hw/vendor.transsion.hardware.trancam.trancamserver@1.0-service
22:31:55 [INFO]    [stub file] vendor/bin/hw/vendor.trustonic.tee@1.1-service
22:31:55 [INFO]    [stub file] vendor/bin/hw/vtservice_hidl
22:31:55 [INFO]    [stub file] vendor/bin/hw/wpa_supplicant
22:31:55 [INFO]    [stub dir] vendor/lost+found
22:31:56 [OK]    Generated explicit file_contexts: 2508 entries (prefix=/vendor)
22:31:56 [INFO]  Building with make_ext4fs …
RUN: /home/albinsraj2025/Downloads/rom_tool_src/binaries/bin/Linux/x86_64/make_ext4fs -l 1235685376 -b 4096 -I 256 -T 0 -a /vendor -L vendor -C /home/albinsraj2025/Downloads/rom_tool_src/workspace/vendor/META/fs_config.txt -S /home/albinsraj2025/Downloads/rom_tool_src/workspace/vendor/META/file_contexts.txt.norm.tmp /home/albinsraj2025/Downloads/rom_tool_src/vendor_repacked.img /tmp/rom_stage_sgn8yqyv
22:32:10 [INFO]  Setting ownership → albinsraj2025 (1000:1000) on /home/albinsraj2025/Downloads/rom_tool_src
22:32:10 [INFO]  Ownership OK — /home/albinsraj2025/Downloads/rom_tool_src now owned by albinsraj2025
22:32:10 [OK]    ══════════════════════════════════════════════════
22:32:10 [OK]    Repack complete: vendor
22:32:10 [OK]    Batch repack complete: 4 succeeded, 0 failed
22:32:28 [ERROR] META/ not found in /home/albinsraj2025/Downloads/rom_tool_src/workspace
22:33:18 [ERROR] META/ not found in /home/albinsraj2025/Downloads/rom_tool_src/workspace
22:37:06 [WARN]  Repacked image not found at /home/albinsraj2025/Downloads/rom_tool_src/workspace/product_repacked.img
22:37:06 [ERROR] name 'ask' is not defined
